<?xml version="1.0" encoding="UTF-8"?>
<!-- Generated by org.testng.reporters.JUnitReportReporter -->
<testsuite hostname="DESKTOP-TE937C4" failures="0" tests="1" name="TestNG.TestNGConcepts" time="0.011" errors="0" timestamp="06 Jun 2023 05:51:51 GMT" skipped="0">
  <testcase classname="TestNG.TestNGConcepts" name="testSceanio1" time="0.011"/>
</testsuite> <!-- TestNG.TestNGConcepts -->
