<?xml version="1.0" encoding="UTF-8"?>
<!-- Generated by org.testng.reporters.JUnitReportReporter -->
<testsuite hostname="DESKTOP-TE937C4" failures="0" tests="1" name="TestNG.TestNgconcepts1" time="0.010" errors="0" timestamp="06 Jun 2023 05:55:25 GMT" skipped="0">
  <testcase classname="TestNG.TestNgconcepts1" name="testsenarios" time="0.010"/>
</testsuite> <!-- TestNG.TestNgconcepts1 -->
